================================================= test session starts =================================================
platform darwin -- Python 3.12.3, pytest-9.0.1, pluggy-1.6.0
rootdir: /Users/willkwan/Desktop/cosc310project/backend
configfile: pytest.ini
plugins: mock-3.15.1, anyio-4.12.0, asyncio-1.3.0, cov-7.0.0
asyncio: mode=Mode.AUTO, debug=False, asyncio_default_fixture_loop_scope=None, asyncio_default_test_loop_scope=function
collected 350 items                                                                                                   

tests/test_admin_endpoints.py ..                                                                                [  0%]
tests/test_admin_logging.py ........                                                                            [  2%]
tests/test_admin_review_service.py ....                                                                         [  4%]
tests/test_admin_user_service.py ......                                                                         [  5%]
tests/test_auth_middleware.py ...                                                                               [  6%]
tests/test_battle_e2e.py .........                                                                              [  9%]
tests/test_battle_endpoints.py .............                                                                    [ 12%]
tests/test_battle_pair_selector.py .................................                                            [ 22%]
tests/test_battle_repo.py ...                                                                                   [ 23%]
tests/test_battle_schema.py ....                                                                                [ 24%]
tests/test_battle_service.py ..........                                                                         [ 27%]
tests/test_comment_service.py ....                                                                              [ 28%]
tests/test_flag_endpoints.py .........                                                                          [ 30%]
tests/test_flag_integration.py ..                                                                               [ 31%]
tests/test_flag_service.py .............                                                                        [ 35%]
tests/test_leaderboard_endpoints.py ..                                                                          [ 35%]
tests/test_leaderboard_sorting.py ...                                                                           [ 36%]
tests/test_list_helpers.py ...............                                                                      [ 40%]
tests/test_logger.py .....                                                                                      [ 42%]
tests/test_movie_endpoints.py ............                                                                      [ 45%]
tests/test_movie_repo.py ...                                                                                    [ 46%]
tests/test_movie_service.py ...............                                                                     [ 50%]
tests/test_movie_service_sort.py ....                                                                           [ 52%]
tests/test_movie_sort_endpoints.py ...                                                                          [ 52%]
tests/test_penalty_endpoints.py ......                                                                          [ 54%]
tests/test_penalty_service.py ........                                                                          [ 56%]
tests/test_review_endpoints.py ..................                                                               [ 62%]
tests/test_review_endpoints_enhanced.py ....                                                                    [ 63%]
tests/test_review_filter_endpoints.py ..                                                                        [ 63%]
tests/test_review_repo.py ........                                                                              [ 66%]
tests/test_review_search.py ...............                                                                     [ 70%]
tests/test_review_service.py .................                                                                  [ 75%]
tests/test_review_service_sort.py .....                                                                         [ 76%]
tests/test_search_endpoints.py ...                                                                              [ 77%]
tests/test_search_schema.py .....                                                                               [ 78%]
tests/test_search_service.py .....                                                                              [ 80%]
tests/test_tmdb_service.py ............                                                                         [ 83%]
tests/test_unified_search.py .....                                                                              [ 85%]
tests/test_user_endpoints.py ...........                                                                        [ 88%]
tests/test_user_home_endpoints.py ...                                                                           [ 89%]
tests/test_user_login_endpoints.py ..                                                                           [ 89%]
tests/test_user_login_service.py .....                                                                          [ 91%]
tests/test_user_repo.py ...                                                                                     [ 92%]
tests/test_user_schema.py ......                                                                                [ 93%]
tests/test_user_service.py ..............                                                                       [ 97%]
tests/test_user_summary_service.py ....                                                                         [ 98%]
tests/test_validate_access.py ....                                                                              [100%]

================================================ 350 passed in 18.20s =================================================
