Name                                            Stmts   Miss  Cover   Missing
-----------------------------------------------------------------------------
backend/app/__init__.py                             0      0   100%
backend/app/main.py                                23      2    91%   12-13
backend/app/middleware/admin_dependency.py          6      0   100%
backend/app/middleware/auth_middleware.py          12      0   100%
backend/app/repositories/battle_repo.py            17      2    88%   16-17
backend/app/repositories/flag_repo.py              16      3    81%   9, 13-14
backend/app/repositories/movie_repo.py             14      0   100%
backend/app/repositories/review_repo.py            67      2    97%   32, 100
backend/app/repositories/user_repo.py              14      0   100%
backend/app/routers/__init__.py                     0      0   100%
backend/app/routers/admin_endpoints.py              9      0   100%
backend/app/routers/battles.py                     51      0   100%
backend/app/routers/login.py                        8      0   100%
backend/app/routers/movies.py                      32      3    91%   27, 31, 40
backend/app/routers/reviews.py                     67      6    91%   47-50, 57-58
backend/app/routers/user_endpoints.py              35      2    94%   12, 33
backend/app/schemas/__init__.py                     0      0   100%
backend/app/schemas/admin.py                        7      0   100%
backend/app/schemas/battle.py                      19      0   100%
backend/app/schemas/movie.py                       29      0   100%
backend/app/schemas/review.py                      63     15    76%   7-9, 29-31, 50-55, 72-74
backend/app/schemas/search.py                      61     10    84%   8-14, 28, 35, 56
backend/app/schemas/user.py                        20      0   100%
backend/app/schemas/user_login.py                   5      0   100%
backend/app/services/__init__.py                    0      0   100%
backend/app/services/admin_review_service.py       18      0   100%
backend/app/services/admin_summary_service.py       5      0   100%
backend/app/services/admin_user_service.py         15      0   100%
backend/app/services/battle_pair_selector.py       41      6    85%   28, 49-55
backend/app/services/battle_service.py             54     10    81%   42-43, 83, 85-86, 96-100
backend/app/services/flag_service.py               16      0   100%
backend/app/services/movie_service.py             109     27    75%   13, 37, 39, 44-50, 61, 100, 118-127, 130-135
backend/app/services/penalty_service.py            28      0   100%
backend/app/services/review_service.py             61      1    98%   32
backend/app/services/search_service.py            104     25    76%   40, 56-77, 110, 114-115, 132-133
backend/app/services/user_login_service.py         27      1    96%   11
backend/app/services/user_service.py               71      5    93%   50-54
backend/app/services/validate_access.py            13      1    92%   6
backend/app/utils/__init__.py                       2      0   100%
backend/app/utils/list_helpers.py                  10      0   100%
backend/tests/conftest.py                          20      0   100%
backend/tests/test_admin_endpoints.py              33      0   100%
backend/tests/test_admin_review_service.py         23      0   100%
backend/tests/test_admin_user_service.py           38      0   100%
backend/tests/test_auth_middleware.py              33      0   100%
backend/tests/test_battle_endpoints.py            135      0   100%
backend/tests/test_battle_repo.py                  27      0   100%
backend/tests/test_battle_schema.py                27      0   100%
backend/tests/test_battle_service.py               89      0   100%
backend/tests/test_flag_endpoints.py               72      0   100%
backend/tests/test_flag_integration.py             49      0   100%
backend/tests/test_flag_service.py                 88      0   100%
backend/tests/test_list_helpers.py                 60      0   100%
backend/tests/test_movie_endpoints.py              63      0   100%
backend/tests/test_movie_repo.py                   25      0   100%
backend/tests/test_movie_service.py                94      0   100%
backend/tests/test_movie_service_sort.py           26      0   100%
backend/tests/test_movie_sort_endpoints.py         25      0   100%
backend/tests/test_penalty_endpoints.py            67      0   100%
backend/tests/test_penalty_service.py              62      0   100%
backend/tests/test_review_endpoints.py            109      0   100%
backend/tests/test_review_repo.py                  62      0   100%
backend/tests/test_review_service.py              149      0   100%
backend/tests/test_search_endpoints.py             41      0   100%
backend/tests/test_search_schema.py                28      0   100%
backend/tests/test_search_service.py               55      0   100%
backend/tests/test_user_endpoints.py               68      0   100%
backend/tests/test_user_login_endpoints.py         20      0   100%
backend/tests/test_user_login_service.py           43      1    98%   9
backend/tests/test_user_repo.py                    25      0   100%
backend/tests/test_user_schema.py                  34      0   100%
backend/tests/test_user_service.py                113      0   100%
backend/tests/test_validate_access.py              29      0   100%
-----------------------------------------------------------------------------
TOTAL                                            2981    122    96%
